[debug] [2022-08-12T09:05:19.883Z] ----------------------------------------------------------------------
[debug] [2022-08-12T09:05:19.886Z] Command:       C:\Program Files\nodejs\node.exe C:\Users\c planet\AppData\Roaming\npm\node_modules\firebase-tools\lib\bin\firebase.js deploy
[debug] [2022-08-12T09:05:19.886Z] CLI Version:   11.1.0
[debug] [2022-08-12T09:05:19.887Z] Platform:      win32
[debug] [2022-08-12T09:05:19.887Z] Node Version:  v16.14.1
[debug] [2022-08-12T09:05:19.903Z] Time:          Fri Aug 12 2022 15:05:19 GMT+0600 (Bangladesh Standard Time)
[debug] [2022-08-12T09:05:19.903Z] ----------------------------------------------------------------------
[debug] 
[debug] [2022-08-12T09:05:19.909Z] >>> [apiv2][query] GET https://firebase-public.firebaseio.com/cli.json [none]
[debug] [2022-08-12T09:05:20.058Z] > command requires scopes: ["email","openid","https://www.googleapis.com/auth/cloudplatformprojects.readonly","https://www.googleapis.com/auth/firebase","https://www.googleapis.com/auth/cloud-platform"]
[debug] [2022-08-12T09:05:20.059Z] > authorizing via signed-in user (sagor.lovem@gmail.com)
[debug] [2022-08-12T09:05:20.059Z] [iam] checking project travel-booking-d22b6 for permissions ["firebase.projects.get","firebasehosting.sites.update"]
[debug] [2022-08-12T09:05:20.061Z] > refreshing access token with scopes: []
[debug] [2022-08-12T09:05:20.062Z] >>> [apiv2][query] POST https://www.googleapis.com/oauth2/v3/token [none]
[debug] [2022-08-12T09:05:20.062Z] >>> [apiv2][body] POST https://www.googleapis.com/oauth2/v3/token [omitted]
[debug] [2022-08-12T09:05:20.424Z] <<< [apiv2][status] POST https://www.googleapis.com/oauth2/v3/token 200
[debug] [2022-08-12T09:05:20.424Z] <<< [apiv2][body] POST https://www.googleapis.com/oauth2/v3/token [omitted]
[debug] [2022-08-12T09:05:20.435Z] >>> [apiv2][query] POST https://cloudresourcemanager.googleapis.com/v1/projects/travel-booking-d22b6:testIamPermissions [none]
[debug] [2022-08-12T09:05:20.436Z] >>> [apiv2][body] POST https://cloudresourcemanager.googleapis.com/v1/projects/travel-booking-d22b6:testIamPermissions {"permissions":["firebase.projects.get","firebasehosting.sites.update"]}
[debug] [2022-08-12T09:05:21.248Z] <<< [apiv2][status] GET https://firebase-public.firebaseio.com/cli.json 200
[debug] [2022-08-12T09:05:21.249Z] <<< [apiv2][body] GET https://firebase-public.firebaseio.com/cli.json {"cloudBuildErrorAfter":1594252800000,"cloudBuildWarnAfter":1590019200000,"defaultNode10After":1594252800000,"minVersion":"3.0.5","node8DeploysDisabledAfter":1613390400000,"node8RuntimeDisabledAfter":1615809600000,"node8WarnAfter":1600128000000}
[debug] [2022-08-12T09:05:22.251Z] <<< [apiv2][status] POST https://cloudresourcemanager.googleapis.com/v1/projects/travel-booking-d22b6:testIamPermissions 200
[debug] [2022-08-12T09:05:22.251Z] <<< [apiv2][body] POST https://cloudresourcemanager.googleapis.com/v1/projects/travel-booking-d22b6:testIamPermissions {}
[debug] [2022-08-12T09:05:22.252Z] [iam] error while checking permissions, command may fail: FirebaseError: Authorization failed. This account is missing the following required permissions on project travel-booking-d22b6:

  firebase.projects.get
  firebasehosting.sites.update
[debug] [2022-08-12T09:05:22.254Z] >>> [apiv2][query] GET https://firebase.googleapis.com/v1beta1/projects/travel-booking-d22b6 [none]
[debug] [2022-08-12T09:05:22.912Z] <<< [apiv2][status] GET https://firebase.googleapis.com/v1beta1/projects/travel-booking-d22b6 403
[debug] [2022-08-12T09:05:22.912Z] <<< [apiv2][body] GET https://firebase.googleapis.com/v1beta1/projects/travel-booking-d22b6 {"error":{"code":403,"message":"The caller does not have permission","status":"PERMISSION_DENIED"}}
[debug] [2022-08-12T09:05:22.914Z] HTTP Error: 403, The caller does not have permission
[debug] [2022-08-12T09:05:23.520Z] FirebaseError: HTTP Error: 403, The caller does not have permission
    at responseToError (C:\Users\c planet\AppData\Roaming\npm\node_modules\firebase-tools\lib\responseToError.js:49:12)
    at RetryOperation._fn (C:\Users\c planet\AppData\Roaming\npm\node_modules\firebase-tools\lib\apiv2.js:287:77)
    at processTicksAndRejections (node:internal/process/task_queues:96:5)
[error] 
[error] Error: Failed to get Firebase project travel-booking-d22b6. Please make sure the project exists and your account has permission to access it.
[debug] [2022-08-12T09:06:02.571Z] ----------------------------------------------------------------------
[debug] [2022-08-12T09:06:02.574Z] Command:       C:\Program Files\nodejs\node.exe C:\Users\c planet\AppData\Roaming\npm\node_modules\firebase-tools\lib\bin\firebase.js deploy
[debug] [2022-08-12T09:06:02.575Z] CLI Version:   11.1.0
[debug] [2022-08-12T09:06:02.575Z] Platform:      win32
[debug] [2022-08-12T09:06:02.576Z] Node Version:  v16.14.1
[debug] [2022-08-12T09:06:02.577Z] Time:          Fri Aug 12 2022 15:06:02 GMT+0600 (Bangladesh Standard Time)
[debug] [2022-08-12T09:06:02.577Z] ----------------------------------------------------------------------
[debug] 
[debug] [2022-08-12T09:06:02.708Z] > command requires scopes: ["email","openid","https://www.googleapis.com/auth/cloudplatformprojects.readonly","https://www.googleapis.com/auth/firebase","https://www.googleapis.com/auth/cloud-platform"]
[debug] [2022-08-12T09:06:02.709Z] > authorizing via signed-in user (sagor.lovem@gmail.com)
[debug] [2022-08-12T09:06:02.709Z] [iam] checking project travel-booking-d22b6 for permissions ["firebase.projects.get","firebasehosting.sites.update"]
[debug] [2022-08-12T09:06:02.713Z] >>> [apiv2][query] POST https://cloudresourcemanager.googleapis.com/v1/projects/travel-booking-d22b6:testIamPermissions [none]
[debug] [2022-08-12T09:06:02.713Z] >>> [apiv2][body] POST https://cloudresourcemanager.googleapis.com/v1/projects/travel-booking-d22b6:testIamPermissions {"permissions":["firebase.projects.get","firebasehosting.sites.update"]}
[debug] [2022-08-12T09:06:05.367Z] <<< [apiv2][status] POST https://cloudresourcemanager.googleapis.com/v1/projects/travel-booking-d22b6:testIamPermissions 200
[debug] [2022-08-12T09:06:05.368Z] <<< [apiv2][body] POST https://cloudresourcemanager.googleapis.com/v1/projects/travel-booking-d22b6:testIamPermissions {}
[debug] [2022-08-12T09:06:05.368Z] [iam] error while checking permissions, command may fail: FirebaseError: Authorization failed. This account is missing the following required permissions on project travel-booking-d22b6:

  firebase.projects.get
  firebasehosting.sites.update
[debug] [2022-08-12T09:06:05.370Z] >>> [apiv2][query] GET https://firebase.googleapis.com/v1beta1/projects/travel-booking-d22b6 [none]
[debug] [2022-08-12T09:06:06.207Z] <<< [apiv2][status] GET https://firebase.googleapis.com/v1beta1/projects/travel-booking-d22b6 403
[debug] [2022-08-12T09:06:06.207Z] <<< [apiv2][body] GET https://firebase.googleapis.com/v1beta1/projects/travel-booking-d22b6 {"error":{"code":403,"message":"The caller does not have permission","status":"PERMISSION_DENIED"}}
[debug] [2022-08-12T09:06:06.209Z] HTTP Error: 403, The caller does not have permission
[debug] [2022-08-12T09:06:06.906Z] FirebaseError: HTTP Error: 403, The caller does not have permission
    at responseToError (C:\Users\c planet\AppData\Roaming\npm\node_modules\firebase-tools\lib\responseToError.js:49:12)
    at RetryOperation._fn (C:\Users\c planet\AppData\Roaming\npm\node_modules\firebase-tools\lib\apiv2.js:287:77)
    at processTicksAndRejections (node:internal/process/task_queues:96:5)
[error] 
[error] Error: Failed to get Firebase project travel-booking-d22b6. Please make sure the project exists and your account has permission to access it.
